<?xml version="1.0" encoding="UTF-8"?>
<!-- Generated by org.testng.reporters.JUnitXMLReporter -->
<testsuite ignored="0" hostname="DESKTOP-G6T0SJ9" failures="0" tests="2" name="Check login and logout." time="0.735" errors="0" timestamp="2020-05-10T02:22:06 MSK">
  <testcase classname="com.PrestaShop.InitialConfiguration.InitialConfiguration" name="@BeforeSuite setUp" time="11.262">
    <failure type="org.openqa.selenium.SessionNotCreatedException" message="session not created: This version of ChromeDriver only supports Chrome version 79
Build info: version: &amp;apos;3.141.59&amp;apos;, revision: &amp;apos;e82be7d358&amp;apos;, time: &amp;apos;2018-11-14T08:25:53&amp;apos;
System info: host: &amp;apos;DESKTOP-G6T0SJ9&amp;apos;, ip: &amp;apos;172.17.72.129&amp;apos;, os.name: &amp;apos;Windows 10&amp;apos;, os.arch: &amp;apos;amd64&amp;apos;, os.version: &amp;apos;10.0&amp;apos;, java.version: &amp;apos;1.8.0_231&amp;apos;
Driver info: driver.version: unknown
remote stacktrace: Backtrace:
	Ordinal0 [0x0031A113+1548563]
	Ordinal0 [0x0029DDA1+1039777]
	Ordinal0 [0x0021E485+517253]
	Ordinal0 [0x001AFD34+64820]
	Ordinal0 [0x001AC61E+50718]
	Ordinal0 [0x001CB797+178071]
	Ordinal0 [0x001CB59D+177565]
	Ordinal0 [0x001C95FB+169467]
	Ordinal0 [0x001B160A+71178]
	Ordinal0 [0x001B2690+75408]
	Ordinal0 [0x001B2629+75305]
	Ordinal0 [0x002B71B7+1143223]
	GetHandleVerifier [0x003B2B46+507814]
	GetHandleVerifier [0x003B2864+507076]
	GetHandleVerifier [0x003B9F47+537511]
	GetHandleVerifier [0x003B3402+510050]
	Ordinal0 [0x002AF29C+1110684]
	Ordinal0 [0x002B938B+1151883]
	Ordinal0 [0x002B94F3+1152243]
	Ordinal0 [0x002B83F5+1147893]
	BaseThreadInitThunk [0x75426359+25]
	RtlGetAppContainerNamedObjectPath [0x77447C14+228]
	RtlGetAppContainerNamedObjectPath [0x77447BE4+180]

Command duration or timeout: 7.07 seconds">
      <![CDATA[org.openqa.selenium.SessionNotCreatedException: session not created: This version of ChromeDriver only supports Chrome version 79
Build info: version: '3.141.59', revision: 'e82be7d358', time: '2018-11-14T08:25:53'
System info: host: 'DESKTOP-G6T0SJ9', ip: '172.17.72.129', os.name: 'Windows 10', os.arch: 'amd64', os.version: '10.0', java.version: '1.8.0_231'
Driver info: driver.version: unknown
remote stacktrace: Backtrace:
Ordinal0 [0x0031A113+1548563]
Ordinal0 [0x0029DDA1+1039777]
Ordinal0 [0x0021E485+517253]
Ordinal0 [0x001AFD34+64820]
Ordinal0 [0x001AC61E+50718]
Ordinal0 [0x001CB797+178071]
Ordinal0 [0x001CB59D+177565]
Ordinal0 [0x001C95FB+169467]
Ordinal0 [0x001B160A+71178]
Ordinal0 [0x001B2690+75408]
Ordinal0 [0x001B2629+75305]
Ordinal0 [0x002B71B7+1143223]
GetHandleVerifier [0x003B2B46+507814]
GetHandleVerifier [0x003B2864+507076]
GetHandleVerifier [0x003B9F47+537511]
GetHandleVerifier [0x003B3402+510050]
Ordinal0 [0x002AF29C+1110684]
Ordinal0 [0x002B938B+1151883]
Ordinal0 [0x002B94F3+1152243]
Ordinal0 [0x002B83F5+1147893]
BaseThreadInitThunk [0x75426359+25]
RtlGetAppContainerNamedObjectPath [0x77447C14+228]
RtlGetAppContainerNamedObjectPath [0x77447BE4+180]

Command duration or timeout: 7.07 seconds
at org.openqa.selenium.remote.ErrorHandler.createThrowable(ErrorHandler.java:214)
at org.openqa.selenium.remote.ErrorHandler.throwIfResponseFailed(ErrorHandler.java:166)
at org.openqa.selenium.remote.JsonWireProtocolResponse.lambda$errorHandler$0(JsonWireProtocolResponse.java:54)
at org.openqa.selenium.remote.HandshakeResponse.lambda$getResponseFunction$0(HandshakeResponse.java:30)
at org.openqa.selenium.remote.ProtocolHandshake.lambda$createSession$0(ProtocolHandshake.java:126)
at java.base/java.util.stream.ReferencePipeline$3$1.accept(ReferencePipeline.java:195)
at java.base/java.util.Spliterators$ArraySpliterator.tryAdvance(Spliterators.java:958)
at java.base/java.util.stream.ReferencePipeline.forEachWithCancel(ReferencePipeline.java:127)
at java.base/java.util.stream.AbstractPipeline.copyIntoWithCancel(AbstractPipeline.java:502)
at java.base/java.util.stream.AbstractPipeline.copyInto(AbstractPipeline.java:488)
at java.base/java.util.stream.AbstractPipeline.wrapAndCopyInto(AbstractPipeline.java:474)
at java.base/java.util.stream.FindOps$FindOp.evaluateSequential(FindOps.java:150)
at java.base/java.util.stream.AbstractPipeline.evaluate(AbstractPipeline.java:234)
at java.base/java.util.stream.ReferencePipeline.findFirst(ReferencePipeline.java:543)
at org.openqa.selenium.remote.ProtocolHandshake.createSession(ProtocolHandshake.java:128)
at org.openqa.selenium.remote.ProtocolHandshake.createSession(ProtocolHandshake.java:74)
at org.openqa.selenium.remote.HttpCommandExecutor.execute(HttpCommandExecutor.java:136)
at org.openqa.selenium.remote.RemoteWebDriver.execute(RemoteWebDriver.java:552)
at org.openqa.selenium.remote.RemoteWebDriver.startSession(RemoteWebDriver.java:213)
at org.openqa.selenium.remote.RemoteWebDriver.<init>(RemoteWebDriver.java:131)
at org.openqa.selenium.remote.RemoteWebDriver.<init>(RemoteWebDriver.java:144)
at com.PrestaShop.InitialConfiguration.InstanceDriver$1.addBrowser(InstanceDriver.java:30)
at com.PrestaShop.InitialConfiguration.InitialConfiguration.setUp(InitialConfiguration.java:38)
at java.base/java.util.concurrent.ThreadPoolExecutor.runWorker(ThreadPoolExecutor.java:1128)
at java.base/java.util.concurrent.ThreadPoolExecutor$Worker.run(ThreadPoolExecutor.java:628)
at java.base/java.lang.Thread.run(Thread.java:830)
Caused by: org.openqa.selenium.SessionNotCreatedException: session not created: This version of ChromeDriver only supports Chrome version 79
Build info: version: '3.141.59', revision: 'e82be7d358', time: '2018-11-14T08:25:53'
System info: host: 'DESKTOP-G6T0SJ9', ip: '172.17.72.129', os.name: 'Windows 10', os.arch: 'amd64', os.version: '10.0', java.version: '1.8.0_231'
Driver info: driver.version: unknown
remote stacktrace: Backtrace:
Ordinal0 [0x0031A113+1548563]
Ordinal0 [0x0029DDA1+1039777]
Ordinal0 [0x0021E485+517253]
Ordinal0 [0x001AFD34+64820]
Ordinal0 [0x001AC61E+50718]
Ordinal0 [0x001CB797+178071]
Ordinal0 [0x001CB59D+177565]
Ordinal0 [0x001C95FB+169467]
Ordinal0 [0x001B160A+71178]
Ordinal0 [0x001B2690+75408]
Ordinal0 [0x001B2629+75305]
Ordinal0 [0x002B71B7+1143223]
GetHandleVerifier [0x003B2B46+507814]
GetHandleVerifier [0x003B2864+507076]
GetHandleVerifier [0x003B9F47+537511]
GetHandleVerifier [0x003B3402+510050]
Ordinal0 [0x002AF29C+1110684]
Ordinal0 [0x002B938B+1151883]
Ordinal0 [0x002B94F3+1152243]
Ordinal0 [0x002B83F5+1147893]
BaseThreadInitThunk [0x75426359+25]
RtlGetAppContainerNamedObjectPath [0x77447C14+228]
RtlGetAppContainerNamedObjectPath [0x77447BE4+180]

Build info: version: '3.141.59', revision: 'e82be7d358', time: '2018-11-14T08:17:03'
System info: host: 'DESKTOP-G6T0SJ9', ip: '172.17.72.129', os.name: 'Windows 10', os.arch: 'amd64', os.version: '10.0', java.version: '13.0.1'
Driver info: driver.version: unknown
at org.openqa.selenium.remote.W3CHandshakeResponse.lambda$errorHandler$0(W3CHandshakeResponse.java:62)
at org.openqa.selenium.remote.HandshakeResponse.lambda$getResponseFunction$0(HandshakeResponse.java:30)
at org.openqa.selenium.remote.ProtocolHandshake.lambda$createSession$0(ProtocolHandshake.java:126)
at java.util.stream.ReferencePipeline$3$1.accept(Unknown Source)
at java.util.Spliterators$ArraySpliterator.tryAdvance(Unknown Source)
at java.util.stream.ReferencePipeline.forEachWithCancel(Unknown Source)
at java.util.stream.AbstractPipeline.copyIntoWithCancel(Unknown Source)
at java.util.stream.AbstractPipeline.copyInto(Unknown Source)
at java.util.stream.AbstractPipeline.wrapAndCopyInto(Unknown Source)
at java.util.stream.FindOps$FindOp.evaluateSequential(Unknown Source)
at java.util.stream.AbstractPipeline.evaluate(Unknown Source)
at java.util.stream.ReferencePipeline.findFirst(Unknown Source)
at org.openqa.selenium.remote.ProtocolHandshake.createSession(ProtocolHandshake.java:128)
at org.openqa.selenium.remote.ProtocolHandshake.createSession(ProtocolHandshake.java:74)
at org.openqa.selenium.grid.session.remote.RemoteSession$Factory.performHandshake(RemoteSession.java:147)
at org.openqa.selenium.grid.session.remote.ServicedSession$Factory.apply(ServicedSession.java:161)
at org.openqa.selenium.remote.server.ActiveSessionFactory.lambda$apply$12(ActiveSessionFactory.java:180)
at java.util.stream.ReferencePipeline$3$1.accept(Unknown Source)
at java.util.stream.ReferencePipeline$11$1.accept(Unknown Source)
at java.util.stream.ReferencePipeline$2$1.accept(Unknown Source)
at java.util.Spliterators$ArraySpliterator.tryAdvance(Unknown Source)
at java.util.stream.ReferencePipeline.forEachWithCancel(Unknown Source)
at java.util.stream.AbstractPipeline.copyIntoWithCancel(Unknown Source)
at java.util.stream.AbstractPipeline.copyInto(Unknown Source)
at java.util.stream.AbstractPipeline.wrapAndCopyInto(Unknown Source)
at java.util.stream.FindOps$FindOp.evaluateSequential(Unknown Source)
at java.util.stream.AbstractPipeline.evaluate(Unknown Source)
at java.util.stream.ReferencePipeline.findFirst(Unknown Source)
at org.openqa.selenium.remote.server.ActiveSessionFactory.apply(ActiveSessionFactory.java:183)
at org.openqa.selenium.remote.server.NewSessionPipeline.lambda$null$2(NewSessionPipeline.java:66)
at java.util.stream.ReferencePipeline$3$1.accept(Unknown Source)
at java.util.stream.ReferencePipeline$2$1.accept(Unknown Source)
at java.util.Collections$2.tryAdvance(Unknown Source)
at java.util.stream.ReferencePipeline.forEachWithCancel(Unknown Source)
at java.util.stream.AbstractPipeline.copyIntoWithCancel(Unknown Source)
at java.util.stream.AbstractPipeline.copyInto(Unknown Source)
at java.util.stream.AbstractPipeline.wrapAndCopyInto(Unknown Source)
at java.util.stream.FindOps$FindOp.evaluateSequential(Unknown Source)
at java.util.stream.AbstractPipeline.evaluate(Unknown Source)
at java.util.stream.ReferencePipeline.findFirst(Unknown Source)
at org.openqa.selenium.remote.server.NewSessionPipeline.lambda$createNewSession$3(NewSessionPipeline.java:69)
at java.util.stream.ReferencePipeline$3$1.accept(Unknown Source)
at java.util.stream.ReferencePipeline$3$1.accept(Unknown Source)
at java.util.stream.ReferencePipeline$3$1.accept(Unknown Source)
at java.util.stream.DistinctOps$1$2.accept(Unknown Source)
at java.util.stream.ReferencePipeline$2$1.accept(Unknown Source)
at java.util.stream.ReferencePipeline$3$1.accept(Unknown Source)
at java.util.stream.ReferencePipeline$2$1.accept(Unknown Source)
at java.util.stream.Streams$StreamBuilderImpl.tryAdvance(Unknown Source)
at java.util.stream.Streams$ConcatSpliterator.tryAdvance(Unknown Source)
at java.util.stream.ReferencePipeline.forEachWithCancel(Unknown Source)
at java.util.stream.AbstractPipeline.copyIntoWithCancel(Unknown Source)
at java.util.stream.AbstractPipeline.copyInto(Unknown Source)
at java.util.stream.AbstractPipeline.wrapAndCopyInto(Unknown Source)
at java.util.stream.FindOps$FindOp.evaluateSequential(Unknown Source)
at java.util.stream.AbstractPipeline.evaluate(Unknown Source)
at java.util.stream.ReferencePipeline.findFirst(Unknown Source)
at org.openqa.selenium.remote.server.NewSessionPipeline.createNewSession(NewSessionPipeline.java:72)
at org.openqa.selenium.remote.server.commandhandler.BeginSession.execute(BeginSession.java:65)
at org.openqa.selenium.remote.server.WebDriverServlet.lambda$handle$0(WebDriverServlet.java:235)
at java.util.concurrent.Executors$RunnableAdapter.call(Unknown Source)
at java.util.concurrent.FutureTask.run(Unknown Source)
at java.util.concurrent.ThreadPoolExecutor.runWorker(Unknown Source)
at java.util.concurrent.ThreadPoolExecutor$Worker.run(Unknown Source)
at java.lang.Thread.run(Unknown Source)
... Removed 21 stack frames]]>
    </failure>
  </testcase> <!-- @BeforeSuite setUp -->
  <testcase classname="com.PrestaShop.InitialConfiguration.InitialConfiguration" name="@BeforeTest beforeTest" time="-1.589066525739E9">
    <skipped/>
  </testcase> <!-- @BeforeTest beforeTest -->
  <testcase classname="com.PrestaShop.InitialConfiguration.InitialConfiguration" name="@AfterTest afterTest" time="-1.589066526259E9">
    <skipped/>
  </testcase> <!-- @AfterTest afterTest -->
  <testcase classname="com.PrestaShop.test1.LoginAndLogout" name="login" time="0.0">
    <skipped/>
  </testcase> <!-- login -->
  <testcase classname="com.PrestaShop.test1.LoginAndLogout" name="logout" time="0.0">
    <skipped/>
  </testcase> <!-- logout -->
</testsuite> <!-- Check login and logout. -->
